<?xml version="1.0" encoding="UTF-8"?>
<testsuite name="DrivableMapTest" tests="3" skipped="0" failures="0" errors="0" timestamp="2022-09-19T19:54:51" hostname="DESKTOP-URHB99F" time="0.012">
  <properties/>
  <testcase name="testGetTradable" classname="DrivableMapTest" time="0.011"/>
  <testcase name="testHasFasterThan" classname="DrivableMapTest" time="0.001"/>
  <testcase name="testAddDrivable" classname="DrivableMapTest" time="0.0"/>
  <system-out><![CDATA[]]></system-out>
  <system-err><![CDATA[]]></system-err>
</testsuite>
